The target system is: PICO -  - cortex-m0plus
The host system is: Linux - 6.10.14-linuxkit - aarch64
Compiling the C compiler identification source file "CMakeCCompilerId.c" succeeded.
Compiler: /usr/bin/arm-none-eabi-gcc 
Build flags: ;-mcpu=cortex-m0plus;-mthumb
Id flags: -c 

The output was:
0


Compilation of the C compiler identification source "CMakeCCompilerId.c" produced "CMakeCCompilerId.o"

The C compiler identification is GNU, found in "/home/build/cmake-build-debug/CMakeFiles/3.24.4/CompilerIdC/CMakeCCompilerId.o"

Compiling the CXX compiler identification source file "CMakeCXXCompilerId.cpp" succeeded.
Compiler: /usr/bin/arm-none-eabi-g++ 
Build flags: ;-mcpu=cortex-m0plus;-mthumb
Id flags: -c 

The output was:
0


Compilation of the CXX compiler identification source "CMakeCXXCompilerId.cpp" produced "CMakeCXXCompilerId.o"

The CXX compiler identification is GNU, found in "/home/build/cmake-build-debug/CMakeFiles/3.24.4/CompilerIdCXX/CMakeCXXCompilerId.o"

Checking whether the ASM compiler is GNU using "--version" matched "(GNU assembler)|(GCC)|(Free Software Foundation)":
arm-none-eabi-gcc (Alpine Linux) 12.2.0
Copyright (C) 2022 Free Software Foundation, Inc.
This is free software; see the source for copying conditions.  There is NO
warranty; not even for MERCHANTABILITY or FITNESS FOR A PARTICULAR PURPOSE.

Detecting C compiler ABI info compiled with the following output:
Change Dir: /home/build/cmake-build-debug/CMakeFiles/CMakeTmp

Run Build Command(s):/usr/bin/make -f Makefile cmTC_e46b9/fast && make: Warning: File 'Makefile' has modification time 0.0012 s in the future
/usr/bin/make  -f CMakeFiles/cmTC_e46b9.dir/build.make CMakeFiles/cmTC_e46b9.dir/build
make[1]: Entering directory '/home/build/cmake-build-debug/CMakeFiles/CMakeTmp'
make[1]: Warning: File 'CMakeFiles/cmTC_e46b9.dir/progress.make' has modification time 0.002 s in the future
Building C object CMakeFiles/cmTC_e46b9.dir/CMakeCCompilerABI.c.obj
/usr/bin/arm-none-eabi-gcc   -mcpu=cortex-m0plus -mthumb    -v -o CMakeFiles/cmTC_e46b9.dir/CMakeCCompilerABI.c.obj -c /usr/share/cmake/Modules/CMakeCCompilerABI.c
Using built-in specs.
COLLECT_GCC=/usr/bin/arm-none-eabi-gcc
Target: arm-none-eabi
Configured with: /home/buildozer/aports/community/gcc-cross-embedded/src/gcc-12.2.0/configure --target=arm-none-eabi --prefix=/usr --with-sysroot=/usr/arm-none-eabi --with-native-system-header-dir=/include --with-headers=/usr/arm-none-eabi/include --with-python-dir=share/gcc-arm-none-eabi --libexecdir=/usr/lib --infodir=/deleteme/info --htmldir=/deleteme/html --pdfdir=/deleteme/pdf --mandir=/deleteme/man --enable-languages=c,c++ --enable-lto --enable-plugins --enable-gnu-indirect-function --disable-decimal-float --disable-libffi --disable-libgomp --disable-libmudflap --disable-libquadmath --disable-libssp --disable-libstdcxx-pch --disable-nls --disable-shared --disable-threads --disable-werror --with-gmp --with-gnu-as --with-gnu-ld --with-host-libstdcxx='-static-libgcc -Wl,-Bstatic,-lstdc++,-Bdynamic -lm' --with-isl --with-libelf --with-mpc --with-mpfr --with-newlib --with-system-zlib --with-pkgversion='Alpine Linux' --with-multilib-list=rmprofile
Thread model: single
Supported LTO compression algorithms: zlib
gcc version 12.2.0 (Alpine Linux) 
COLLECT_GCC_OPTIONS='-mcpu=cortex-m0plus' '-mthumb' '-v' '-o' 'CMakeFiles/cmTC_e46b9.dir/CMakeCCompilerABI.c.obj' '-c' '-mfloat-abi=soft' '-mlibarch=armv6s-m' '-march=armv6s-m' '-dumpdir' 'CMakeFiles/cmTC_e46b9.dir/'
 /usr/lib/gcc/arm-none-eabi/12.2.0/cc1 -quiet -v -imultilib thumb/v6-m/nofp -D__USES_INITFINI__ /usr/share/cmake/Modules/CMakeCCompilerABI.c -quiet -dumpdir CMakeFiles/cmTC_e46b9.dir/ -dumpbase CMakeCCompilerABI.c.c -dumpbase-ext .c -mcpu=cortex-m0plus -mthumb -mfloat-abi=soft -mlibarch=armv6s-m -march=armv6s-m -version -o /tmp/ccIohHng.s
GNU C17 (Alpine Linux) version 12.2.0 (arm-none-eabi)
	compiled by GNU C version 12.2.1 20220924, GMP version 6.2.1, MPFR version 4.1.0, MPC version 1.2.1, isl version isl-0.25-GMP

GGC heuristics: --param ggc-min-expand=100 --param ggc-min-heapsize=131072
ignoring nonexistent directory "/usr/arm-none-eabi/usr/local/include"
ignoring duplicate directory "/usr/arm-none-eabi/include"
#include "..." search starts here:
#include <...> search starts here:
 /usr/lib/gcc/arm-none-eabi/12.2.0/include
 /usr/lib/gcc/arm-none-eabi/12.2.0/include-fixed
 /usr/lib/gcc/arm-none-eabi/12.2.0/../../../../arm-none-eabi/include
End of search list.
GNU C17 (Alpine Linux) version 12.2.0 (arm-none-eabi)
	compiled by GNU C version 12.2.1 20220924, GMP version 6.2.1, MPFR version 4.1.0, MPC version 1.2.1, isl version isl-0.25-GMP

GGC heuristics: --param ggc-min-expand=100 --param ggc-min-heapsize=131072
Compiler executable checksum: 4f5d5c2c2ac36d8a81dafe9b9465b4f2
COLLECT_GCC_OPTIONS='-mcpu=cortex-m0plus' '-mthumb' '-v' '-o' 'CMakeFiles/cmTC_e46b9.dir/CMakeCCompilerABI.c.obj' '-c' '-mfloat-abi=soft' '-mlibarch=armv6s-m' '-march=armv6s-m' '-dumpdir' 'CMakeFiles/cmTC_e46b9.dir/'
 /usr/lib/gcc/arm-none-eabi/12.2.0/../../../../arm-none-eabi/bin/as -v -march=armv6s-m -mfloat-abi=soft -meabi=5 -o CMakeFiles/cmTC_e46b9.dir/CMakeCCompilerABI.c.obj /tmp/ccIohHng.s
GNU assembler version 2.39 (arm-none-eabi) using BFD version (GNU Binutils) 2.39
COMPILER_PATH=/usr/lib/gcc/arm-none-eabi/12.2.0/:/usr/lib/gcc/arm-none-eabi/12.2.0/:/usr/lib/gcc/arm-none-eabi/:/usr/lib/gcc/arm-none-eabi/12.2.0/:/usr/lib/gcc/arm-none-eabi/:/usr/lib/gcc/arm-none-eabi/12.2.0/../../../../arm-none-eabi/bin/
LIBRARY_PATH=/usr/lib/gcc/arm-none-eabi/12.2.0/thumb/v6-m/nofp/:/usr/lib/gcc/arm-none-eabi/12.2.0/../../../../arm-none-eabi/lib/thumb/v6-m/nofp/:/usr/arm-none-eabi/lib/thumb/v6-m/nofp/:/usr/lib/gcc/arm-none-eabi/12.2.0/:/usr/lib/gcc/arm-none-eabi/12.2.0/../../../../arm-none-eabi/lib/:/usr/arm-none-eabi/lib/
COLLECT_GCC_OPTIONS='-mcpu=cortex-m0plus' '-mthumb' '-v' '-o' 'CMakeFiles/cmTC_e46b9.dir/CMakeCCompilerABI.c.obj' '-c' '-mfloat-abi=soft' '-mlibarch=armv6s-m' '-march=armv6s-m' '-dumpdir' 'CMakeFiles/cmTC_e46b9.dir/CMakeCCompilerABI.c.'
Linking C executable cmTC_e46b9.elf
/usr/bin/cmake -E cmake_link_script CMakeFiles/cmTC_e46b9.dir/link.txt --verbose=1
/usr/bin/arm-none-eabi-gcc -mcpu=cortex-m0plus -mthumb  -Wl,--build-id=none -nostdlib  -v CMakeFiles/cmTC_e46b9.dir/CMakeCCompilerABI.c.obj -o cmTC_e46b9.elf 
Using built-in specs.
COLLECT_GCC=/usr/bin/arm-none-eabi-gcc
COLLECT_LTO_WRAPPER=/usr/lib/gcc/arm-none-eabi/12.2.0/lto-wrapper
Target: arm-none-eabi
Configured with: /home/buildozer/aports/community/gcc-cross-embedded/src/gcc-12.2.0/configure --target=arm-none-eabi --prefix=/usr --with-sysroot=/usr/arm-none-eabi --with-native-system-header-dir=/include --with-headers=/usr/arm-none-eabi/include --with-python-dir=share/gcc-arm-none-eabi --libexecdir=/usr/lib --infodir=/deleteme/info --htmldir=/deleteme/html --pdfdir=/deleteme/pdf --mandir=/deleteme/man --enable-languages=c,c++ --enable-lto --enable-plugins --enable-gnu-indirect-function --disable-decimal-float --disable-libffi --disable-libgomp --disable-libmudflap --disable-libquadmath --disable-libssp --disable-libstdcxx-pch --disable-nls --disable-shared --disable-threads --disable-werror --with-gmp --with-gnu-as --with-gnu-ld --with-host-libstdcxx='-static-libgcc -Wl,-Bstatic,-lstdc++,-Bdynamic -lm' --with-isl --with-libelf --with-mpc --with-mpfr --with-newlib --with-system-zlib --with-pkgversion='Alpine Linux' --with-multilib-list=rmprofile
Thread model: single
Supported LTO compression algorithms: zlib
gcc version 12.2.0 (Alpine Linux) 
COMPILER_PATH=/usr/lib/gcc/arm-none-eabi/12.2.0/:/usr/lib/gcc/arm-none-eabi/12.2.0/:/usr/lib/gcc/arm-none-eabi/:/usr/lib/gcc/arm-none-eabi/12.2.0/:/usr/lib/gcc/arm-none-eabi/:/usr/lib/gcc/arm-none-eabi/12.2.0/../../../../arm-none-eabi/bin/
LIBRARY_PATH=/usr/lib/gcc/arm-none-eabi/12.2.0/thumb/v6-m/nofp/:/usr/lib/gcc/arm-none-eabi/12.2.0/../../../../arm-none-eabi/lib/thumb/v6-m/nofp/:/usr/arm-none-eabi/lib/thumb/v6-m/nofp/:/usr/lib/gcc/arm-none-eabi/12.2.0/:/usr/lib/gcc/arm-none-eabi/12.2.0/../../../../arm-none-eabi/lib/:/usr/arm-none-eabi/lib/
COLLECT_GCC_OPTIONS='-mcpu=cortex-m0plus' '-mthumb' '-nostdlib' '-v' '-o' 'cmTC_e46b9.elf' '-mfloat-abi=soft' '-mlibarch=armv6s-m' '-march=armv6s-m' '-dumpdir' 'cmTC_e46b9.elf.'
 /usr/lib/gcc/arm-none-eabi/12.2.0/collect2 -plugin /usr/lib/gcc/arm-none-eabi/12.2.0/liblto_plugin.so -plugin-opt=/usr/lib/gcc/arm-none-eabi/12.2.0/lto-wrapper -plugin-opt=-fresolution=/tmp/ccHicDDI.res --sysroot=/usr/arm-none-eabi -X -o cmTC_e46b9.elf -L/usr/lib/gcc/arm-none-eabi/12.2.0/thumb/v6-m/nofp -L/usr/lib/gcc/arm-none-eabi/12.2.0/../../../../arm-none-eabi/lib/thumb/v6-m/nofp -L/usr/arm-none-eabi/lib/thumb/v6-m/nofp -L/usr/lib/gcc/arm-none-eabi/12.2.0 -L/usr/lib/gcc/arm-none-eabi/12.2.0/../../../../arm-none-eabi/lib -L/usr/arm-none-eabi/lib --build-id=none CMakeFiles/cmTC_e46b9.dir/CMakeCCompilerABI.c.obj
/usr/lib/gcc/arm-none-eabi/12.2.0/../../../../arm-none-eabi/bin/ld: warning: cannot find entry symbol _start; defaulting to 0000000000008000
COLLECT_GCC_OPTIONS='-mcpu=cortex-m0plus' '-mthumb' '-nostdlib' '-v' '-o' 'cmTC_e46b9.elf' '-mfloat-abi=soft' '-mlibarch=armv6s-m' '-march=armv6s-m' '-dumpdir' 'cmTC_e46b9.elf.'
make[1]: warning:  Clock skew detected.  Your build may be incomplete.
make[1]: Leaving directory '/home/build/cmake-build-debug/CMakeFiles/CMakeTmp'
make: warning:  Clock skew detected.  Your build may be incomplete.



Parsed C implicit include dir info from above output: rv=done
  found start of include info
  found start of implicit include info
    add: [/usr/lib/gcc/arm-none-eabi/12.2.0/include]
    add: [/usr/lib/gcc/arm-none-eabi/12.2.0/include-fixed]
    add: [/usr/lib/gcc/arm-none-eabi/12.2.0/../../../../arm-none-eabi/include]
  end of search list found
  collapse include dir [/usr/lib/gcc/arm-none-eabi/12.2.0/include] ==> [/usr/lib/gcc/arm-none-eabi/12.2.0/include]
  collapse include dir [/usr/lib/gcc/arm-none-eabi/12.2.0/include-fixed] ==> [/usr/lib/gcc/arm-none-eabi/12.2.0/include-fixed]
  collapse include dir [/usr/lib/gcc/arm-none-eabi/12.2.0/../../../../arm-none-eabi/include] ==> [/usr/arm-none-eabi/include]
  implicit include dirs: [/usr/lib/gcc/arm-none-eabi/12.2.0/include;/usr/lib/gcc/arm-none-eabi/12.2.0/include-fixed;/usr/arm-none-eabi/include]


Parsed C implicit link information from above output:
  link line regex: [^( *|.*[/\])(arm-none-eabi-ld|CMAKE_LINK_STARTFILE-NOTFOUND|([^/\]+-)?ld|collect2)[^/\]*( |$)]
  ignore line: [Change Dir: /home/build/cmake-build-debug/CMakeFiles/CMakeTmp]
  ignore line: []
  ignore line: [Run Build Command(s):/usr/bin/make -f Makefile cmTC_e46b9/fast && make: Warning: File 'Makefile' has modification time 0.0012 s in the future]
  ignore line: [/usr/bin/make  -f CMakeFiles/cmTC_e46b9.dir/build.make CMakeFiles/cmTC_e46b9.dir/build]
  ignore line: [make[1]: Entering directory '/home/build/cmake-build-debug/CMakeFiles/CMakeTmp']
  ignore line: [make[1]: Warning: File 'CMakeFiles/cmTC_e46b9.dir/progress.make' has modification time 0.002 s in the future]
  ignore line: [Building C object CMakeFiles/cmTC_e46b9.dir/CMakeCCompilerABI.c.obj]
  ignore line: [/usr/bin/arm-none-eabi-gcc   -mcpu=cortex-m0plus -mthumb    -v -o CMakeFiles/cmTC_e46b9.dir/CMakeCCompilerABI.c.obj -c /usr/share/cmake/Modules/CMakeCCompilerABI.c]
  ignore line: [Using built-in specs.]
  ignore line: [COLLECT_GCC=/usr/bin/arm-none-eabi-gcc]
  ignore line: [Target: arm-none-eabi]
  ignore line: [Configured with: /home/buildozer/aports/community/gcc-cross-embedded/src/gcc-12.2.0/configure --target=arm-none-eabi --prefix=/usr --with-sysroot=/usr/arm-none-eabi --with-native-system-header-dir=/include --with-headers=/usr/arm-none-eabi/include --with-python-dir=share/gcc-arm-none-eabi --libexecdir=/usr/lib --infodir=/deleteme/info --htmldir=/deleteme/html --pdfdir=/deleteme/pdf --mandir=/deleteme/man --enable-languages=c,c++ --enable-lto --enable-plugins --enable-gnu-indirect-function --disable-decimal-float --disable-libffi --disable-libgomp --disable-libmudflap --disable-libquadmath --disable-libssp --disable-libstdcxx-pch --disable-nls --disable-shared --disable-threads --disable-werror --with-gmp --with-gnu-as --with-gnu-ld --with-host-libstdcxx='-static-libgcc -Wl,-Bstatic,-lstdc++,-Bdynamic -lm' --with-isl --with-libelf --with-mpc --with-mpfr --with-newlib --with-system-zlib --with-pkgversion='Alpine Linux' --with-multilib-list=rmprofile]
  ignore line: [Thread model: single]
  ignore line: [Supported LTO compression algorithms: zlib]
  ignore line: [gcc version 12.2.0 (Alpine Linux) ]
  ignore line: [COLLECT_GCC_OPTIONS='-mcpu=cortex-m0plus' '-mthumb' '-v' '-o' 'CMakeFiles/cmTC_e46b9.dir/CMakeCCompilerABI.c.obj' '-c' '-mfloat-abi=soft' '-mlibarch=armv6s-m' '-march=armv6s-m' '-dumpdir' 'CMakeFiles/cmTC_e46b9.dir/']
  ignore line: [ /usr/lib/gcc/arm-none-eabi/12.2.0/cc1 -quiet -v -imultilib thumb/v6-m/nofp -D__USES_INITFINI__ /usr/share/cmake/Modules/CMakeCCompilerABI.c -quiet -dumpdir CMakeFiles/cmTC_e46b9.dir/ -dumpbase CMakeCCompilerABI.c.c -dumpbase-ext .c -mcpu=cortex-m0plus -mthumb -mfloat-abi=soft -mlibarch=armv6s-m -march=armv6s-m -version -o /tmp/ccIohHng.s]
  ignore line: [GNU C17 (Alpine Linux) version 12.2.0 (arm-none-eabi)]
  ignore line: [	compiled by GNU C version 12.2.1 20220924  GMP version 6.2.1  MPFR version 4.1.0  MPC version 1.2.1  isl version isl-0.25-GMP]
  ignore line: []
  ignore line: [GGC heuristics: --param ggc-min-expand=100 --param ggc-min-heapsize=131072]
  ignore line: [ignoring nonexistent directory "/usr/arm-none-eabi/usr/local/include"]
  ignore line: [ignoring duplicate directory "/usr/arm-none-eabi/include"]
  ignore line: [#include "..." search starts here:]
  ignore line: [#include <...> search starts here:]
  ignore line: [ /usr/lib/gcc/arm-none-eabi/12.2.0/include]
  ignore line: [ /usr/lib/gcc/arm-none-eabi/12.2.0/include-fixed]
  ignore line: [ /usr/lib/gcc/arm-none-eabi/12.2.0/../../../../arm-none-eabi/include]
  ignore line: [End of search list.]
  ignore line: [GNU C17 (Alpine Linux) version 12.2.0 (arm-none-eabi)]
  ignore line: [	compiled by GNU C version 12.2.1 20220924  GMP version 6.2.1  MPFR version 4.1.0  MPC version 1.2.1  isl version isl-0.25-GMP]
  ignore line: []
  ignore line: [GGC heuristics: --param ggc-min-expand=100 --param ggc-min-heapsize=131072]
  ignore line: [Compiler executable checksum: 4f5d5c2c2ac36d8a81dafe9b9465b4f2]
  ignore line: [COLLECT_GCC_OPTIONS='-mcpu=cortex-m0plus' '-mthumb' '-v' '-o' 'CMakeFiles/cmTC_e46b9.dir/CMakeCCompilerABI.c.obj' '-c' '-mfloat-abi=soft' '-mlibarch=armv6s-m' '-march=armv6s-m' '-dumpdir' 'CMakeFiles/cmTC_e46b9.dir/']
  ignore line: [ /usr/lib/gcc/arm-none-eabi/12.2.0/../../../../arm-none-eabi/bin/as -v -march=armv6s-m -mfloat-abi=soft -meabi=5 -o CMakeFiles/cmTC_e46b9.dir/CMakeCCompilerABI.c.obj /tmp/ccIohHng.s]
  ignore line: [GNU assembler version 2.39 (arm-none-eabi) using BFD version (GNU Binutils) 2.39]
  ignore line: [COMPILER_PATH=/usr/lib/gcc/arm-none-eabi/12.2.0/:/usr/lib/gcc/arm-none-eabi/12.2.0/:/usr/lib/gcc/arm-none-eabi/:/usr/lib/gcc/arm-none-eabi/12.2.0/:/usr/lib/gcc/arm-none-eabi/:/usr/lib/gcc/arm-none-eabi/12.2.0/../../../../arm-none-eabi/bin/]
  ignore line: [LIBRARY_PATH=/usr/lib/gcc/arm-none-eabi/12.2.0/thumb/v6-m/nofp/:/usr/lib/gcc/arm-none-eabi/12.2.0/../../../../arm-none-eabi/lib/thumb/v6-m/nofp/:/usr/arm-none-eabi/lib/thumb/v6-m/nofp/:/usr/lib/gcc/arm-none-eabi/12.2.0/:/usr/lib/gcc/arm-none-eabi/12.2.0/../../../../arm-none-eabi/lib/:/usr/arm-none-eabi/lib/]
  ignore line: [COLLECT_GCC_OPTIONS='-mcpu=cortex-m0plus' '-mthumb' '-v' '-o' 'CMakeFiles/cmTC_e46b9.dir/CMakeCCompilerABI.c.obj' '-c' '-mfloat-abi=soft' '-mlibarch=armv6s-m' '-march=armv6s-m' '-dumpdir' 'CMakeFiles/cmTC_e46b9.dir/CMakeCCompilerABI.c.']
  ignore line: [Linking C executable cmTC_e46b9.elf]
  ignore line: [/usr/bin/cmake -E cmake_link_script CMakeFiles/cmTC_e46b9.dir/link.txt --verbose=1]
  ignore line: [/usr/bin/arm-none-eabi-gcc -mcpu=cortex-m0plus -mthumb  -Wl --build-id=none -nostdlib  -v CMakeFiles/cmTC_e46b9.dir/CMakeCCompilerABI.c.obj -o cmTC_e46b9.elf ]
  ignore line: [Using built-in specs.]
  ignore line: [COLLECT_GCC=/usr/bin/arm-none-eabi-gcc]
  ignore line: [COLLECT_LTO_WRAPPER=/usr/lib/gcc/arm-none-eabi/12.2.0/lto-wrapper]
  ignore line: [Target: arm-none-eabi]
  ignore line: [Configured with: /home/buildozer/aports/community/gcc-cross-embedded/src/gcc-12.2.0/configure --target=arm-none-eabi --prefix=/usr --with-sysroot=/usr/arm-none-eabi --with-native-system-header-dir=/include --with-headers=/usr/arm-none-eabi/include --with-python-dir=share/gcc-arm-none-eabi --libexecdir=/usr/lib --infodir=/deleteme/info --htmldir=/deleteme/html --pdfdir=/deleteme/pdf --mandir=/deleteme/man --enable-languages=c,c++ --enable-lto --enable-plugins --enable-gnu-indirect-function --disable-decimal-float --disable-libffi --disable-libgomp --disable-libmudflap --disable-libquadmath --disable-libssp --disable-libstdcxx-pch --disable-nls --disable-shared --disable-threads --disable-werror --with-gmp --with-gnu-as --with-gnu-ld --with-host-libstdcxx='-static-libgcc -Wl,-Bstatic,-lstdc++,-Bdynamic -lm' --with-isl --with-libelf --with-mpc --with-mpfr --with-newlib --with-system-zlib --with-pkgversion='Alpine Linux' --with-multilib-list=rmprofile]
  ignore line: [Thread model: single]
  ignore line: [Supported LTO compression algorithms: zlib]
  ignore line: [gcc version 12.2.0 (Alpine Linux) ]
  ignore line: [COMPILER_PATH=/usr/lib/gcc/arm-none-eabi/12.2.0/:/usr/lib/gcc/arm-none-eabi/12.2.0/:/usr/lib/gcc/arm-none-eabi/:/usr/lib/gcc/arm-none-eabi/12.2.0/:/usr/lib/gcc/arm-none-eabi/:/usr/lib/gcc/arm-none-eabi/12.2.0/../../../../arm-none-eabi/bin/]
  ignore line: [LIBRARY_PATH=/usr/lib/gcc/arm-none-eabi/12.2.0/thumb/v6-m/nofp/:/usr/lib/gcc/arm-none-eabi/12.2.0/../../../../arm-none-eabi/lib/thumb/v6-m/nofp/:/usr/arm-none-eabi/lib/thumb/v6-m/nofp/:/usr/lib/gcc/arm-none-eabi/12.2.0/:/usr/lib/gcc/arm-none-eabi/12.2.0/../../../../arm-none-eabi/lib/:/usr/arm-none-eabi/lib/]
  ignore line: [COLLECT_GCC_OPTIONS='-mcpu=cortex-m0plus' '-mthumb' '-nostdlib' '-v' '-o' 'cmTC_e46b9.elf' '-mfloat-abi=soft' '-mlibarch=armv6s-m' '-march=armv6s-m' '-dumpdir' 'cmTC_e46b9.elf.']
  link line: [ /usr/lib/gcc/arm-none-eabi/12.2.0/collect2 -plugin /usr/lib/gcc/arm-none-eabi/12.2.0/liblto_plugin.so -plugin-opt=/usr/lib/gcc/arm-none-eabi/12.2.0/lto-wrapper -plugin-opt=-fresolution=/tmp/ccHicDDI.res --sysroot=/usr/arm-none-eabi -X -o cmTC_e46b9.elf -L/usr/lib/gcc/arm-none-eabi/12.2.0/thumb/v6-m/nofp -L/usr/lib/gcc/arm-none-eabi/12.2.0/../../../../arm-none-eabi/lib/thumb/v6-m/nofp -L/usr/arm-none-eabi/lib/thumb/v6-m/nofp -L/usr/lib/gcc/arm-none-eabi/12.2.0 -L/usr/lib/gcc/arm-none-eabi/12.2.0/../../../../arm-none-eabi/lib -L/usr/arm-none-eabi/lib --build-id=none CMakeFiles/cmTC_e46b9.dir/CMakeCCompilerABI.c.obj]
    arg [/usr/lib/gcc/arm-none-eabi/12.2.0/collect2] ==> ignore
    arg [-plugin] ==> ignore
    arg [/usr/lib/gcc/arm-none-eabi/12.2.0/liblto_plugin.so] ==> ignore
    arg [-plugin-opt=/usr/lib/gcc/arm-none-eabi/12.2.0/lto-wrapper] ==> ignore
    arg [-plugin-opt=-fresolution=/tmp/ccHicDDI.res] ==> ignore
    arg [--sysroot=/usr/arm-none-eabi] ==> ignore
    arg [-X] ==> ignore
    arg [-o] ==> ignore
    arg [cmTC_e46b9.elf] ==> ignore
    arg [-L/usr/lib/gcc/arm-none-eabi/12.2.0/thumb/v6-m/nofp] ==> dir [/usr/lib/gcc/arm-none-eabi/12.2.0/thumb/v6-m/nofp]
    arg [-L/usr/lib/gcc/arm-none-eabi/12.2.0/../../../../arm-none-eabi/lib/thumb/v6-m/nofp] ==> dir [/usr/lib/gcc/arm-none-eabi/12.2.0/../../../../arm-none-eabi/lib/thumb/v6-m/nofp]
    arg [-L/usr/arm-none-eabi/lib/thumb/v6-m/nofp] ==> dir [/usr/arm-none-eabi/lib/thumb/v6-m/nofp]
    arg [-L/usr/lib/gcc/arm-none-eabi/12.2.0] ==> dir [/usr/lib/gcc/arm-none-eabi/12.2.0]
    arg [-L/usr/lib/gcc/arm-none-eabi/12.2.0/../../../../arm-none-eabi/lib] ==> dir [/usr/lib/gcc/arm-none-eabi/12.2.0/../../../../arm-none-eabi/lib]
    arg [-L/usr/arm-none-eabi/lib] ==> dir [/usr/arm-none-eabi/lib]
    arg [--build-id=none] ==> ignore
    arg [CMakeFiles/cmTC_e46b9.dir/CMakeCCompilerABI.c.obj] ==> ignore
  collapse library dir [/usr/lib/gcc/arm-none-eabi/12.2.0/thumb/v6-m/nofp] ==> [/usr/lib/gcc/arm-none-eabi/12.2.0/thumb/v6-m/nofp]
  collapse library dir [/usr/lib/gcc/arm-none-eabi/12.2.0/../../../../arm-none-eabi/lib/thumb/v6-m/nofp] ==> [/usr/arm-none-eabi/lib/thumb/v6-m/nofp]
  collapse library dir [/usr/arm-none-eabi/lib/thumb/v6-m/nofp] ==> [/usr/arm-none-eabi/lib/thumb/v6-m/nofp]
  collapse library dir [/usr/lib/gcc/arm-none-eabi/12.2.0] ==> [/usr/lib/gcc/arm-none-eabi/12.2.0]
  collapse library dir [/usr/lib/gcc/arm-none-eabi/12.2.0/../../../../arm-none-eabi/lib] ==> [/usr/arm-none-eabi/lib]
  collapse library dir [/usr/arm-none-eabi/lib] ==> [/usr/arm-none-eabi/lib]
  implicit libs: []
  implicit objs: []
  implicit dirs: [/usr/lib/gcc/arm-none-eabi/12.2.0/thumb/v6-m/nofp;/usr/arm-none-eabi/lib/thumb/v6-m/nofp;/usr/lib/gcc/arm-none-eabi/12.2.0;/usr/arm-none-eabi/lib]
  implicit fwks: []


Detecting CXX compiler ABI info compiled with the following output:
Change Dir: /home/build/cmake-build-debug/CMakeFiles/CMakeTmp

Run Build Command(s):/usr/bin/make -f Makefile cmTC_49763/fast && make: Warning: File 'Makefile' has modification time 0.0021 s in the future
/usr/bin/make  -f CMakeFiles/cmTC_49763.dir/build.make CMakeFiles/cmTC_49763.dir/build
make[1]: Entering directory '/home/build/cmake-build-debug/CMakeFiles/CMakeTmp'
make[1]: Warning: File 'CMakeFiles/cmTC_49763.dir/flags.make' has modification time 5.3e-06 s in the future
Building CXX object CMakeFiles/cmTC_49763.dir/CMakeCXXCompilerABI.cpp.obj
/usr/bin/arm-none-eabi-g++   -mcpu=cortex-m0plus -mthumb    -v -o CMakeFiles/cmTC_49763.dir/CMakeCXXCompilerABI.cpp.obj -c /usr/share/cmake/Modules/CMakeCXXCompilerABI.cpp
Using built-in specs.
COLLECT_GCC=/usr/bin/arm-none-eabi-g++
Target: arm-none-eabi
Configured with: /home/buildozer/aports/community/gcc-cross-embedded/src/gcc-12.2.0/configure --target=arm-none-eabi --prefix=/usr --with-sysroot=/usr/arm-none-eabi --with-native-system-header-dir=/include --with-headers=/usr/arm-none-eabi/include --with-python-dir=share/gcc-arm-none-eabi --libexecdir=/usr/lib --infodir=/deleteme/info --htmldir=/deleteme/html --pdfdir=/deleteme/pdf --mandir=/deleteme/man --enable-languages=c,c++ --enable-lto --enable-plugins --enable-gnu-indirect-function --disable-decimal-float --disable-libffi --disable-libgomp --disable-libmudflap --disable-libquadmath --disable-libssp --disable-libstdcxx-pch --disable-nls --disable-shared --disable-threads --disable-werror --with-gmp --with-gnu-as --with-gnu-ld --with-host-libstdcxx='-static-libgcc -Wl,-Bstatic,-lstdc++,-Bdynamic -lm' --with-isl --with-libelf --with-mpc --with-mpfr --with-newlib --with-system-zlib --with-pkgversion='Alpine Linux' --with-multilib-list=rmprofile
Thread model: single
Supported LTO compression algorithms: zlib
gcc version 12.2.0 (Alpine Linux) 
COLLECT_GCC_OPTIONS='-mcpu=cortex-m0plus' '-mthumb' '-v' '-o' 'CMakeFiles/cmTC_49763.dir/CMakeCXXCompilerABI.cpp.obj' '-c' '-mfloat-abi=soft' '-mlibarch=armv6s-m' '-march=armv6s-m' '-dumpdir' 'CMakeFiles/cmTC_49763.dir/'
 /usr/lib/gcc/arm-none-eabi/12.2.0/cc1plus -quiet -v -imultilib thumb/v6-m/nofp -D__USES_INITFINI__ /usr/share/cmake/Modules/CMakeCXXCompilerABI.cpp -quiet -dumpdir CMakeFiles/cmTC_49763.dir/ -dumpbase CMakeCXXCompilerABI.cpp.cpp -dumpbase-ext .cpp -mcpu=cortex-m0plus -mthumb -mfloat-abi=soft -mlibarch=armv6s-m -march=armv6s-m -version -o /tmp/ccklFpbP.s
GNU C++17 (Alpine Linux) version 12.2.0 (arm-none-eabi)
	compiled by GNU C version 12.2.1 20220924, GMP version 6.2.1, MPFR version 4.1.0, MPC version 1.2.1, isl version isl-0.25-GMP

GGC heuristics: --param ggc-min-expand=100 --param ggc-min-heapsize=131072
ignoring nonexistent directory "/usr/arm-none-eabi/usr/local/include"
ignoring duplicate directory "/usr/arm-none-eabi/include"
#include "..." search starts here:
#include <...> search starts here:
 /usr/lib/gcc/arm-none-eabi/12.2.0/../../../../arm-none-eabi/include/c++/12.2.0
 /usr/lib/gcc/arm-none-eabi/12.2.0/../../../../arm-none-eabi/include/c++/12.2.0/arm-none-eabi/thumb/v6-m/nofp
 /usr/lib/gcc/arm-none-eabi/12.2.0/../../../../arm-none-eabi/include/c++/12.2.0/backward
 /usr/lib/gcc/arm-none-eabi/12.2.0/include
 /usr/lib/gcc/arm-none-eabi/12.2.0/include-fixed
 /usr/lib/gcc/arm-none-eabi/12.2.0/../../../../arm-none-eabi/include
End of search list.
GNU C++17 (Alpine Linux) version 12.2.0 (arm-none-eabi)
	compiled by GNU C version 12.2.1 20220924, GMP version 6.2.1, MPFR version 4.1.0, MPC version 1.2.1, isl version isl-0.25-GMP

GGC heuristics: --param ggc-min-expand=100 --param ggc-min-heapsize=131072
Compiler executable checksum: d699620ca40cd8befe2f1ade823642ff
COLLECT_GCC_OPTIONS='-mcpu=cortex-m0plus' '-mthumb' '-v' '-o' 'CMakeFiles/cmTC_49763.dir/CMakeCXXCompilerABI.cpp.obj' '-c' '-mfloat-abi=soft' '-mlibarch=armv6s-m' '-march=armv6s-m' '-dumpdir' 'CMakeFiles/cmTC_49763.dir/'
 /usr/lib/gcc/arm-none-eabi/12.2.0/../../../../arm-none-eabi/bin/as -v -march=armv6s-m -mfloat-abi=soft -meabi=5 -o CMakeFiles/cmTC_49763.dir/CMakeCXXCompilerABI.cpp.obj /tmp/ccklFpbP.s
GNU assembler version 2.39 (arm-none-eabi) using BFD version (GNU Binutils) 2.39
COMPILER_PATH=/usr/lib/gcc/arm-none-eabi/12.2.0/:/usr/lib/gcc/arm-none-eabi/12.2.0/:/usr/lib/gcc/arm-none-eabi/:/usr/lib/gcc/arm-none-eabi/12.2.0/:/usr/lib/gcc/arm-none-eabi/:/usr/lib/gcc/arm-none-eabi/12.2.0/../../../../arm-none-eabi/bin/
LIBRARY_PATH=/usr/lib/gcc/arm-none-eabi/12.2.0/thumb/v6-m/nofp/:/usr/lib/gcc/arm-none-eabi/12.2.0/../../../../arm-none-eabi/lib/thumb/v6-m/nofp/:/usr/arm-none-eabi/lib/thumb/v6-m/nofp/:/usr/lib/gcc/arm-none-eabi/12.2.0/:/usr/lib/gcc/arm-none-eabi/12.2.0/../../../../arm-none-eabi/lib/:/usr/arm-none-eabi/lib/
COLLECT_GCC_OPTIONS='-mcpu=cortex-m0plus' '-mthumb' '-v' '-o' 'CMakeFiles/cmTC_49763.dir/CMakeCXXCompilerABI.cpp.obj' '-c' '-mfloat-abi=soft' '-mlibarch=armv6s-m' '-march=armv6s-m' '-dumpdir' 'CMakeFiles/cmTC_49763.dir/CMakeCXXCompilerABI.cpp.'
Linking CXX executable cmTC_49763.elf
/usr/bin/cmake -E cmake_link_script CMakeFiles/cmTC_49763.dir/link.txt --verbose=1
/usr/bin/arm-none-eabi-g++ -mcpu=cortex-m0plus -mthumb  -Wl,--build-id=none -nostdlib  -v CMakeFiles/cmTC_49763.dir/CMakeCXXCompilerABI.cpp.obj -o cmTC_49763.elf 
Using built-in specs.
COLLECT_GCC=/usr/bin/arm-none-eabi-g++
COLLECT_LTO_WRAPPER=/usr/lib/gcc/arm-none-eabi/12.2.0/lto-wrapper
Target: arm-none-eabi
Configured with: /home/buildozer/aports/community/gcc-cross-embedded/src/gcc-12.2.0/configure --target=arm-none-eabi --prefix=/usr --with-sysroot=/usr/arm-none-eabi --with-native-system-header-dir=/include --with-headers=/usr/arm-none-eabi/include --with-python-dir=share/gcc-arm-none-eabi --libexecdir=/usr/lib --infodir=/deleteme/info --htmldir=/deleteme/html --pdfdir=/deleteme/pdf --mandir=/deleteme/man --enable-languages=c,c++ --enable-lto --enable-plugins --enable-gnu-indirect-function --disable-decimal-float --disable-libffi --disable-libgomp --disable-libmudflap --disable-libquadmath --disable-libssp --disable-libstdcxx-pch --disable-nls --disable-shared --disable-threads --disable-werror --with-gmp --with-gnu-as --with-gnu-ld --with-host-libstdcxx='-static-libgcc -Wl,-Bstatic,-lstdc++,-Bdynamic -lm' --with-isl --with-libelf --with-mpc --with-mpfr --with-newlib --with-system-zlib --with-pkgversion='Alpine Linux' --with-multilib-list=rmprofile
Thread model: single
Supported LTO compression algorithms: zlib
gcc version 12.2.0 (Alpine Linux) 
COMPILER_PATH=/usr/lib/gcc/arm-none-eabi/12.2.0/:/usr/lib/gcc/arm-none-eabi/12.2.0/:/usr/lib/gcc/arm-none-eabi/:/usr/lib/gcc/arm-none-eabi/12.2.0/:/usr/lib/gcc/arm-none-eabi/:/usr/lib/gcc/arm-none-eabi/12.2.0/../../../../arm-none-eabi/bin/
LIBRARY_PATH=/usr/lib/gcc/arm-none-eabi/12.2.0/thumb/v6-m/nofp/:/usr/lib/gcc/arm-none-eabi/12.2.0/../../../../arm-none-eabi/lib/thumb/v6-m/nofp/:/usr/arm-none-eabi/lib/thumb/v6-m/nofp/:/usr/lib/gcc/arm-none-eabi/12.2.0/:/usr/lib/gcc/arm-none-eabi/12.2.0/../../../../arm-none-eabi/lib/:/usr/arm-none-eabi/lib/
COLLECT_GCC_OPTIONS='-mcpu=cortex-m0plus' '-mthumb' '-nostdlib' '-v' '-o' 'cmTC_49763.elf' '-mfloat-abi=soft' '-mlibarch=armv6s-m' '-march=armv6s-m' '-dumpdir' 'cmTC_49763.elf.'
 /usr/lib/gcc/arm-none-eabi/12.2.0/collect2 -plugin /usr/lib/gcc/arm-none-eabi/12.2.0/liblto_plugin.so -plugin-opt=/usr/lib/gcc/arm-none-eabi/12.2.0/lto-wrapper -plugin-opt=-fresolution=/tmp/ccJKGGjH.res --sysroot=/usr/arm-none-eabi -X -o cmTC_49763.elf -L/usr/lib/gcc/arm-none-eabi/12.2.0/thumb/v6-m/nofp -L/usr/lib/gcc/arm-none-eabi/12.2.0/../../../../arm-none-eabi/lib/thumb/v6-m/nofp -L/usr/arm-none-eabi/lib/thumb/v6-m/nofp -L/usr/lib/gcc/arm-none-eabi/12.2.0 -L/usr/lib/gcc/arm-none-eabi/12.2.0/../../../../arm-none-eabi/lib -L/usr/arm-none-eabi/lib --build-id=none CMakeFiles/cmTC_49763.dir/CMakeCXXCompilerABI.cpp.obj
/usr/lib/gcc/arm-none-eabi/12.2.0/../../../../arm-none-eabi/bin/ld: warning: cannot find entry symbol _start; defaulting to 0000000000008000
COLLECT_GCC_OPTIONS='-mcpu=cortex-m0plus' '-mthumb' '-nostdlib' '-v' '-o' 'cmTC_49763.elf' '-mfloat-abi=soft' '-mlibarch=armv6s-m' '-march=armv6s-m' '-dumpdir' 'cmTC_49763.elf.'
make[1]: warning:  Clock skew detected.  Your build may be incomplete.
make[1]: Leaving directory '/home/build/cmake-build-debug/CMakeFiles/CMakeTmp'
make: warning:  Clock skew detected.  Your build may be incomplete.



Parsed CXX implicit include dir info from above output: rv=done
  found start of include info
  found start of implicit include info
    add: [/usr/lib/gcc/arm-none-eabi/12.2.0/../../../../arm-none-eabi/include/c++/12.2.0]
    add: [/usr/lib/gcc/arm-none-eabi/12.2.0/../../../../arm-none-eabi/include/c++/12.2.0/arm-none-eabi/thumb/v6-m/nofp]
    add: [/usr/lib/gcc/arm-none-eabi/12.2.0/../../../../arm-none-eabi/include/c++/12.2.0/backward]
    add: [/usr/lib/gcc/arm-none-eabi/12.2.0/include]
    add: [/usr/lib/gcc/arm-none-eabi/12.2.0/include-fixed]
    add: [/usr/lib/gcc/arm-none-eabi/12.2.0/../../../../arm-none-eabi/include]
  end of search list found
  collapse include dir [/usr/lib/gcc/arm-none-eabi/12.2.0/../../../../arm-none-eabi/include/c++/12.2.0] ==> [/usr/arm-none-eabi/include/c++/12.2.0]
  collapse include dir [/usr/lib/gcc/arm-none-eabi/12.2.0/../../../../arm-none-eabi/include/c++/12.2.0/arm-none-eabi/thumb/v6-m/nofp] ==> [/usr/arm-none-eabi/include/c++/12.2.0/arm-none-eabi/thumb/v6-m/nofp]
  collapse include dir [/usr/lib/gcc/arm-none-eabi/12.2.0/../../../../arm-none-eabi/include/c++/12.2.0/backward] ==> [/usr/arm-none-eabi/include/c++/12.2.0/backward]
  collapse include dir [/usr/lib/gcc/arm-none-eabi/12.2.0/include] ==> [/usr/lib/gcc/arm-none-eabi/12.2.0/include]
  collapse include dir [/usr/lib/gcc/arm-none-eabi/12.2.0/include-fixed] ==> [/usr/lib/gcc/arm-none-eabi/12.2.0/include-fixed]
  collapse include dir [/usr/lib/gcc/arm-none-eabi/12.2.0/../../../../arm-none-eabi/include] ==> [/usr/arm-none-eabi/include]
  implicit include dirs: [/usr/arm-none-eabi/include/c++/12.2.0;/usr/arm-none-eabi/include/c++/12.2.0/arm-none-eabi/thumb/v6-m/nofp;/usr/arm-none-eabi/include/c++/12.2.0/backward;/usr/lib/gcc/arm-none-eabi/12.2.0/include;/usr/lib/gcc/arm-none-eabi/12.2.0/include-fixed;/usr/arm-none-eabi/include]


Parsed CXX implicit link information from above output:
  link line regex: [^( *|.*[/\])(arm-none-eabi-ld|CMAKE_LINK_STARTFILE-NOTFOUND|([^/\]+-)?ld|collect2)[^/\]*( |$)]
  ignore line: [Change Dir: /home/build/cmake-build-debug/CMakeFiles/CMakeTmp]
  ignore line: []
  ignore line: [Run Build Command(s):/usr/bin/make -f Makefile cmTC_49763/fast && make: Warning: File 'Makefile' has modification time 0.0021 s in the future]
  ignore line: [/usr/bin/make  -f CMakeFiles/cmTC_49763.dir/build.make CMakeFiles/cmTC_49763.dir/build]
  ignore line: [make[1]: Entering directory '/home/build/cmake-build-debug/CMakeFiles/CMakeTmp']
  ignore line: [make[1]: Warning: File 'CMakeFiles/cmTC_49763.dir/flags.make' has modification time 5.3e-06 s in the future]
  ignore line: [Building CXX object CMakeFiles/cmTC_49763.dir/CMakeCXXCompilerABI.cpp.obj]
  ignore line: [/usr/bin/arm-none-eabi-g++   -mcpu=cortex-m0plus -mthumb    -v -o CMakeFiles/cmTC_49763.dir/CMakeCXXCompilerABI.cpp.obj -c /usr/share/cmake/Modules/CMakeCXXCompilerABI.cpp]
  ignore line: [Using built-in specs.]
  ignore line: [COLLECT_GCC=/usr/bin/arm-none-eabi-g++]
  ignore line: [Target: arm-none-eabi]
  ignore line: [Configured with: /home/buildozer/aports/community/gcc-cross-embedded/src/gcc-12.2.0/configure --target=arm-none-eabi --prefix=/usr --with-sysroot=/usr/arm-none-eabi --with-native-system-header-dir=/include --with-headers=/usr/arm-none-eabi/include --with-python-dir=share/gcc-arm-none-eabi --libexecdir=/usr/lib --infodir=/deleteme/info --htmldir=/deleteme/html --pdfdir=/deleteme/pdf --mandir=/deleteme/man --enable-languages=c,c++ --enable-lto --enable-plugins --enable-gnu-indirect-function --disable-decimal-float --disable-libffi --disable-libgomp --disable-libmudflap --disable-libquadmath --disable-libssp --disable-libstdcxx-pch --disable-nls --disable-shared --disable-threads --disable-werror --with-gmp --with-gnu-as --with-gnu-ld --with-host-libstdcxx='-static-libgcc -Wl,-Bstatic,-lstdc++,-Bdynamic -lm' --with-isl --with-libelf --with-mpc --with-mpfr --with-newlib --with-system-zlib --with-pkgversion='Alpine Linux' --with-multilib-list=rmprofile]
  ignore line: [Thread model: single]
  ignore line: [Supported LTO compression algorithms: zlib]
  ignore line: [gcc version 12.2.0 (Alpine Linux) ]
  ignore line: [COLLECT_GCC_OPTIONS='-mcpu=cortex-m0plus' '-mthumb' '-v' '-o' 'CMakeFiles/cmTC_49763.dir/CMakeCXXCompilerABI.cpp.obj' '-c' '-mfloat-abi=soft' '-mlibarch=armv6s-m' '-march=armv6s-m' '-dumpdir' 'CMakeFiles/cmTC_49763.dir/']
  ignore line: [ /usr/lib/gcc/arm-none-eabi/12.2.0/cc1plus -quiet -v -imultilib thumb/v6-m/nofp -D__USES_INITFINI__ /usr/share/cmake/Modules/CMakeCXXCompilerABI.cpp -quiet -dumpdir CMakeFiles/cmTC_49763.dir/ -dumpbase CMakeCXXCompilerABI.cpp.cpp -dumpbase-ext .cpp -mcpu=cortex-m0plus -mthumb -mfloat-abi=soft -mlibarch=armv6s-m -march=armv6s-m -version -o /tmp/ccklFpbP.s]
  ignore line: [GNU C++17 (Alpine Linux) version 12.2.0 (arm-none-eabi)]
  ignore line: [	compiled by GNU C version 12.2.1 20220924  GMP version 6.2.1  MPFR version 4.1.0  MPC version 1.2.1  isl version isl-0.25-GMP]
  ignore line: []
  ignore line: [GGC heuristics: --param ggc-min-expand=100 --param ggc-min-heapsize=131072]
  ignore line: [ignoring nonexistent directory "/usr/arm-none-eabi/usr/local/include"]
  ignore line: [ignoring duplicate directory "/usr/arm-none-eabi/include"]
  ignore line: [#include "..." search starts here:]
  ignore line: [#include <...> search starts here:]
  ignore line: [ /usr/lib/gcc/arm-none-eabi/12.2.0/../../../../arm-none-eabi/include/c++/12.2.0]
  ignore line: [ /usr/lib/gcc/arm-none-eabi/12.2.0/../../../../arm-none-eabi/include/c++/12.2.0/arm-none-eabi/thumb/v6-m/nofp]
  ignore line: [ /usr/lib/gcc/arm-none-eabi/12.2.0/../../../../arm-none-eabi/include/c++/12.2.0/backward]
  ignore line: [ /usr/lib/gcc/arm-none-eabi/12.2.0/include]
  ignore line: [ /usr/lib/gcc/arm-none-eabi/12.2.0/include-fixed]
  ignore line: [ /usr/lib/gcc/arm-none-eabi/12.2.0/../../../../arm-none-eabi/include]
  ignore line: [End of search list.]
  ignore line: [GNU C++17 (Alpine Linux) version 12.2.0 (arm-none-eabi)]
  ignore line: [	compiled by GNU C version 12.2.1 20220924  GMP version 6.2.1  MPFR version 4.1.0  MPC version 1.2.1  isl version isl-0.25-GMP]
  ignore line: []
  ignore line: [GGC heuristics: --param ggc-min-expand=100 --param ggc-min-heapsize=131072]
  ignore line: [Compiler executable checksum: d699620ca40cd8befe2f1ade823642ff]
  ignore line: [COLLECT_GCC_OPTIONS='-mcpu=cortex-m0plus' '-mthumb' '-v' '-o' 'CMakeFiles/cmTC_49763.dir/CMakeCXXCompilerABI.cpp.obj' '-c' '-mfloat-abi=soft' '-mlibarch=armv6s-m' '-march=armv6s-m' '-dumpdir' 'CMakeFiles/cmTC_49763.dir/']
  ignore line: [ /usr/lib/gcc/arm-none-eabi/12.2.0/../../../../arm-none-eabi/bin/as -v -march=armv6s-m -mfloat-abi=soft -meabi=5 -o CMakeFiles/cmTC_49763.dir/CMakeCXXCompilerABI.cpp.obj /tmp/ccklFpbP.s]
  ignore line: [GNU assembler version 2.39 (arm-none-eabi) using BFD version (GNU Binutils) 2.39]
  ignore line: [COMPILER_PATH=/usr/lib/gcc/arm-none-eabi/12.2.0/:/usr/lib/gcc/arm-none-eabi/12.2.0/:/usr/lib/gcc/arm-none-eabi/:/usr/lib/gcc/arm-none-eabi/12.2.0/:/usr/lib/gcc/arm-none-eabi/:/usr/lib/gcc/arm-none-eabi/12.2.0/../../../../arm-none-eabi/bin/]
  ignore line: [LIBRARY_PATH=/usr/lib/gcc/arm-none-eabi/12.2.0/thumb/v6-m/nofp/:/usr/lib/gcc/arm-none-eabi/12.2.0/../../../../arm-none-eabi/lib/thumb/v6-m/nofp/:/usr/arm-none-eabi/lib/thumb/v6-m/nofp/:/usr/lib/gcc/arm-none-eabi/12.2.0/:/usr/lib/gcc/arm-none-eabi/12.2.0/../../../../arm-none-eabi/lib/:/usr/arm-none-eabi/lib/]
  ignore line: [COLLECT_GCC_OPTIONS='-mcpu=cortex-m0plus' '-mthumb' '-v' '-o' 'CMakeFiles/cmTC_49763.dir/CMakeCXXCompilerABI.cpp.obj' '-c' '-mfloat-abi=soft' '-mlibarch=armv6s-m' '-march=armv6s-m' '-dumpdir' 'CMakeFiles/cmTC_49763.dir/CMakeCXXCompilerABI.cpp.']
  ignore line: [Linking CXX executable cmTC_49763.elf]
  ignore line: [/usr/bin/cmake -E cmake_link_script CMakeFiles/cmTC_49763.dir/link.txt --verbose=1]
  ignore line: [/usr/bin/arm-none-eabi-g++ -mcpu=cortex-m0plus -mthumb  -Wl --build-id=none -nostdlib  -v CMakeFiles/cmTC_49763.dir/CMakeCXXCompilerABI.cpp.obj -o cmTC_49763.elf ]
  ignore line: [Using built-in specs.]
  ignore line: [COLLECT_GCC=/usr/bin/arm-none-eabi-g++]
  ignore line: [COLLECT_LTO_WRAPPER=/usr/lib/gcc/arm-none-eabi/12.2.0/lto-wrapper]
  ignore line: [Target: arm-none-eabi]
  ignore line: [Configured with: /home/buildozer/aports/community/gcc-cross-embedded/src/gcc-12.2.0/configure --target=arm-none-eabi --prefix=/usr --with-sysroot=/usr/arm-none-eabi --with-native-system-header-dir=/include --with-headers=/usr/arm-none-eabi/include --with-python-dir=share/gcc-arm-none-eabi --libexecdir=/usr/lib --infodir=/deleteme/info --htmldir=/deleteme/html --pdfdir=/deleteme/pdf --mandir=/deleteme/man --enable-languages=c,c++ --enable-lto --enable-plugins --enable-gnu-indirect-function --disable-decimal-float --disable-libffi --disable-libgomp --disable-libmudflap --disable-libquadmath --disable-libssp --disable-libstdcxx-pch --disable-nls --disable-shared --disable-threads --disable-werror --with-gmp --with-gnu-as --with-gnu-ld --with-host-libstdcxx='-static-libgcc -Wl,-Bstatic,-lstdc++,-Bdynamic -lm' --with-isl --with-libelf --with-mpc --with-mpfr --with-newlib --with-system-zlib --with-pkgversion='Alpine Linux' --with-multilib-list=rmprofile]
  ignore line: [Thread model: single]
  ignore line: [Supported LTO compression algorithms: zlib]
  ignore line: [gcc version 12.2.0 (Alpine Linux) ]
  ignore line: [COMPILER_PATH=/usr/lib/gcc/arm-none-eabi/12.2.0/:/usr/lib/gcc/arm-none-eabi/12.2.0/:/usr/lib/gcc/arm-none-eabi/:/usr/lib/gcc/arm-none-eabi/12.2.0/:/usr/lib/gcc/arm-none-eabi/:/usr/lib/gcc/arm-none-eabi/12.2.0/../../../../arm-none-eabi/bin/]
  ignore line: [LIBRARY_PATH=/usr/lib/gcc/arm-none-eabi/12.2.0/thumb/v6-m/nofp/:/usr/lib/gcc/arm-none-eabi/12.2.0/../../../../arm-none-eabi/lib/thumb/v6-m/nofp/:/usr/arm-none-eabi/lib/thumb/v6-m/nofp/:/usr/lib/gcc/arm-none-eabi/12.2.0/:/usr/lib/gcc/arm-none-eabi/12.2.0/../../../../arm-none-eabi/lib/:/usr/arm-none-eabi/lib/]
  ignore line: [COLLECT_GCC_OPTIONS='-mcpu=cortex-m0plus' '-mthumb' '-nostdlib' '-v' '-o' 'cmTC_49763.elf' '-mfloat-abi=soft' '-mlibarch=armv6s-m' '-march=armv6s-m' '-dumpdir' 'cmTC_49763.elf.']
  link line: [ /usr/lib/gcc/arm-none-eabi/12.2.0/collect2 -plugin /usr/lib/gcc/arm-none-eabi/12.2.0/liblto_plugin.so -plugin-opt=/usr/lib/gcc/arm-none-eabi/12.2.0/lto-wrapper -plugin-opt=-fresolution=/tmp/ccJKGGjH.res --sysroot=/usr/arm-none-eabi -X -o cmTC_49763.elf -L/usr/lib/gcc/arm-none-eabi/12.2.0/thumb/v6-m/nofp -L/usr/lib/gcc/arm-none-eabi/12.2.0/../../../../arm-none-eabi/lib/thumb/v6-m/nofp -L/usr/arm-none-eabi/lib/thumb/v6-m/nofp -L/usr/lib/gcc/arm-none-eabi/12.2.0 -L/usr/lib/gcc/arm-none-eabi/12.2.0/../../../../arm-none-eabi/lib -L/usr/arm-none-eabi/lib --build-id=none CMakeFiles/cmTC_49763.dir/CMakeCXXCompilerABI.cpp.obj]
    arg [/usr/lib/gcc/arm-none-eabi/12.2.0/collect2] ==> ignore
    arg [-plugin] ==> ignore
    arg [/usr/lib/gcc/arm-none-eabi/12.2.0/liblto_plugin.so] ==> ignore
    arg [-plugin-opt=/usr/lib/gcc/arm-none-eabi/12.2.0/lto-wrapper] ==> ignore
    arg [-plugin-opt=-fresolution=/tmp/ccJKGGjH.res] ==> ignore
    arg [--sysroot=/usr/arm-none-eabi] ==> ignore
    arg [-X] ==> ignore
    arg [-o] ==> ignore
    arg [cmTC_49763.elf] ==> ignore
    arg [-L/usr/lib/gcc/arm-none-eabi/12.2.0/thumb/v6-m/nofp] ==> dir [/usr/lib/gcc/arm-none-eabi/12.2.0/thumb/v6-m/nofp]
    arg [-L/usr/lib/gcc/arm-none-eabi/12.2.0/../../../../arm-none-eabi/lib/thumb/v6-m/nofp] ==> dir [/usr/lib/gcc/arm-none-eabi/12.2.0/../../../../arm-none-eabi/lib/thumb/v6-m/nofp]
    arg [-L/usr/arm-none-eabi/lib/thumb/v6-m/nofp] ==> dir [/usr/arm-none-eabi/lib/thumb/v6-m/nofp]
    arg [-L/usr/lib/gcc/arm-none-eabi/12.2.0] ==> dir [/usr/lib/gcc/arm-none-eabi/12.2.0]
    arg [-L/usr/lib/gcc/arm-none-eabi/12.2.0/../../../../arm-none-eabi/lib] ==> dir [/usr/lib/gcc/arm-none-eabi/12.2.0/../../../../arm-none-eabi/lib]
    arg [-L/usr/arm-none-eabi/lib] ==> dir [/usr/arm-none-eabi/lib]
    arg [--build-id=none] ==> ignore
    arg [CMakeFiles/cmTC_49763.dir/CMakeCXXCompilerABI.cpp.obj] ==> ignore
  collapse library dir [/usr/lib/gcc/arm-none-eabi/12.2.0/thumb/v6-m/nofp] ==> [/usr/lib/gcc/arm-none-eabi/12.2.0/thumb/v6-m/nofp]
  collapse library dir [/usr/lib/gcc/arm-none-eabi/12.2.0/../../../../arm-none-eabi/lib/thumb/v6-m/nofp] ==> [/usr/arm-none-eabi/lib/thumb/v6-m/nofp]
  collapse library dir [/usr/arm-none-eabi/lib/thumb/v6-m/nofp] ==> [/usr/arm-none-eabi/lib/thumb/v6-m/nofp]
  collapse library dir [/usr/lib/gcc/arm-none-eabi/12.2.0] ==> [/usr/lib/gcc/arm-none-eabi/12.2.0]
  collapse library dir [/usr/lib/gcc/arm-none-eabi/12.2.0/../../../../arm-none-eabi/lib] ==> [/usr/arm-none-eabi/lib]
  collapse library dir [/usr/arm-none-eabi/lib] ==> [/usr/arm-none-eabi/lib]
  implicit libs: []
  implicit objs: []
  implicit dirs: [/usr/lib/gcc/arm-none-eabi/12.2.0/thumb/v6-m/nofp;/usr/arm-none-eabi/lib/thumb/v6-m/nofp;/usr/lib/gcc/arm-none-eabi/12.2.0;/usr/arm-none-eabi/lib]
  implicit fwks: []


